<?xml version="1.0" encoding="UTF-8" ?>
<testsuite failures="1" time="0.074" errors="0" skipped="0" tests="1" name="org.apache.maven.plugin.war.WarExplodedMojoFilteringTest">
  <properties>
[...]
</properties>
  <testcase time="0.074" classname="org.apache.maven.plugin.war.WarExplodedMojoFilteringTest" name="testExplodedWar_WithResourceFiltering">
    <failure message="source files not found: /Users/kevin/workspace/maven-war-plugin/target/test-classes/unit/warexplodedmojo/test-dir/ExplodedWar_WithResourceFiltering/pansit.jsp" type="junit.framework.AssertionFailedError">junit.framework.AssertionFailedError: source files not found: /Users/kevin/workspace/maven-war-plugin/target/test-classes/unit/warexplodedmojo/test-dir/ExplodedWar_WithResourceFiltering/pansit.jsp
	at junit.framework.Assert.fail(Assert.java:57)
	at junit.framework.Assert.assertTrue(Assert.java:22)
	at junit.framework.TestCase.assertTrue(TestCase.java:192)
	at org.apache.maven.plugin.war.WarExplodedMojoFilteringTest.testExplodedWar_WithResourceFiltering(WarExplodedMojoFilteringTest.java:104)
	at sun.reflect.NativeMethodAccessorImpl.invoke0(Native Method)
	at sun.reflect.NativeMethodAccessorImpl.invoke(NativeMethodAccessorImpl.java:39)
	at sun.reflect.DelegatingMethodAccessorImpl.invoke(DelegatingMethodAccessorImpl.java:25)
	at java.lang.reflect.Method.invoke(Method.java:597)
	at junit.framework.TestCase.runTest(TestCase.java:176)
	at junit.framework.TestCase.runBare(TestCase.java:141)
	at junit.framework.TestResult$1.protect(TestResult.java:122)
	at junit.framework.TestResult.runProtected(TestResult.java:142)
	at junit.framework.TestResult.run(TestResult.java:125)
	at junit.framework.TestCase.run(TestCase.java:129)
	at junit.framework.TestSuite.runTest(TestSuite.java:255)
	at junit.framework.TestSuite.run(TestSuite.java:250)
	at org.junit.internal.runners.JUnit38ClassRunner.run(JUnit38ClassRunner.java:84)
	at org.apache.maven.surefire.junit4.JUnit4Provider.execute(JUnit4Provider.java:252)
	at org.apache.maven.surefire.junit4.JUnit4Provider.executeTestSet(JUnit4Provider.java:141)
	at org.apache.maven.surefire.junit4.JUnit4Provider.invoke(JUnit4Provider.java:112)
	at sun.reflect.NativeMethodAccessorImpl.invoke0(Native Method)
	at sun.reflect.NativeMethodAccessorImpl.invoke(NativeMethodAccessorImpl.java:39)
	at sun.reflect.DelegatingMethodAccessorImpl.invoke(DelegatingMethodAccessorImpl.java:25)
	at java.lang.reflect.Method.invoke(Method.java:597)
	at org.apache.maven.surefire.util.ReflectionUtils.invokeMethodWithArray(ReflectionUtils.java:189)
	at org.apache.maven.surefire.booter.ProviderFactory$ProviderProxy.invoke(ProviderFactory.java:165)
	at org.apache.maven.surefire.booter.ProviderFactory.invokeProvider(ProviderFactory.java:85)
	at org.apache.maven.surefire.booter.ForkedBooter.runSuitesInProcess(ForkedBooter.java:115)
	at org.apache.maven.surefire.booter.ForkedBooter.main(ForkedBooter.java:75)
</failure>
    <system-out>[INFO] Exploding webapp
[INFO] Assembling webapp [maven-war-plugin-test] in [/Users/kevin/workspace/maven-war-plugin/target/test-classes/unit/warexplodedmojo/test-dir/ExplodedWar_WithResourceFiltering]
[INFO] Processing war project
[INFO] Copying webapp webResources [/Users/kevin/workspace/maven-war-plugin/target/test-classes/unit/warexplodedmojo/test-dir/ExplodedWar_WithResourceFiltering-test-data/resources] to [/Users/kevin/workspace/maven-war-plugin/target/test-classes/unit/warexplodedmojo/test-dir/ExplodedWar_WithResourceFiltering]
[INFO] Copying webapp resources [/Users/kevin/workspace/maven-war-plugin/target/test-classes/unit/warexplodedmojo/test-dir/ExplodedWar_WithResourceFiltering-test-data/source]
[INFO] Webapp assembled in [23 msecs]
</system-out>
  </testcase>
</testsuite>