<?xml version="1.0" encoding="UTF-8" ?>
<testsuite failures="4" time="0.616" errors="0" skipped="0" tests="4" name="org.apache.maven.plugin.war.WarDependenciesAnalysisTest">
  <properties>
[...]
</properties>
  <testcase time="0.307" classname="org.apache.maven.plugin.war.WarDependenciesAnalysisTest" name="testDependencyWithUpdatedVersion">
    <failure message="source file not found: /Users/kevin/workspace/maven-war-plugin/target/test-classes/unit/dependenciesanalysis/test-dir/dependency-update-version/pansit.jsp" type="junit.framework.AssertionFailedError">junit.framework.AssertionFailedError: source file not found: /Users/kevin/workspace/maven-war-plugin/target/test-classes/unit/dependenciesanalysis/test-dir/dependency-update-version/pansit.jsp
	at junit.framework.Assert.fail(Assert.java:57)
	at junit.framework.Assert.assertTrue(Assert.java:22)
	at junit.framework.TestCase.assertTrue(TestCase.java:192)
	at org.apache.maven.plugin.war.AbstractWarExplodedMojoTest.assertDefaultContent(AbstractWarExplodedMojoTest.java:161)
	at org.apache.maven.plugin.war.WarDependenciesAnalysisTest.doTestTwiceWithUpdatedDependency(WarDependenciesAnalysisTest.java:136)
	at org.apache.maven.plugin.war.WarDependenciesAnalysisTest.testDependencyWithUpdatedVersion(WarDependenciesAnalysisTest.java:96)
	at sun.reflect.NativeMethodAccessorImpl.invoke0(Native Method)
	at sun.reflect.NativeMethodAccessorImpl.invoke(NativeMethodAccessorImpl.java:39)
	at sun.reflect.DelegatingMethodAccessorImpl.invoke(DelegatingMethodAccessorImpl.java:25)
	at java.lang.reflect.Method.invoke(Method.java:597)
	at junit.framework.TestCase.runTest(TestCase.java:176)
	at junit.framework.TestCase.runBare(TestCase.java:141)
	at junit.framework.TestResult$1.protect(TestResult.java:122)
	at junit.framework.TestResult.runProtected(TestResult.java:142)
	at junit.framework.TestResult.run(TestResult.java:125)
	at junit.framework.TestCase.run(TestCase.java:129)
	at junit.framework.TestSuite.runTest(TestSuite.java:255)
	at junit.framework.TestSuite.run(TestSuite.java:250)
	at org.junit.internal.runners.JUnit38ClassRunner.run(JUnit38ClassRunner.java:84)
	at org.apache.maven.surefire.junit4.JUnit4Provider.execute(JUnit4Provider.java:252)
	at org.apache.maven.surefire.junit4.JUnit4Provider.executeTestSet(JUnit4Provider.java:141)
	at org.apache.maven.surefire.junit4.JUnit4Provider.invoke(JUnit4Provider.java:112)
	at sun.reflect.NativeMethodAccessorImpl.invoke0(Native Method)
	at sun.reflect.NativeMethodAccessorImpl.invoke(NativeMethodAccessorImpl.java:39)
	at sun.reflect.DelegatingMethodAccessorImpl.invoke(DelegatingMethodAccessorImpl.java:25)
	at java.lang.reflect.Method.invoke(Method.java:597)
	at org.apache.maven.surefire.util.ReflectionUtils.invokeMethodWithArray(ReflectionUtils.java:189)
	at org.apache.maven.surefire.booter.ProviderFactory$ProviderProxy.invoke(ProviderFactory.java:165)
	at org.apache.maven.surefire.booter.ProviderFactory.invokeProvider(ProviderFactory.java:85)
	at org.apache.maven.surefire.booter.ForkedBooter.runSuitesInProcess(ForkedBooter.java:115)
	at org.apache.maven.surefire.booter.ForkedBooter.main(ForkedBooter.java:75)
</failure>
    <system-out>[INFO] Exploding webapp
[INFO] Assembling webapp [maven-war-plugin-test] in [/Users/kevin/workspace/maven-war-plugin/target/test-classes/unit/dependenciesanalysis/test-dir/dependency-update-version]
[INFO] Processing war project
[INFO] Copying webapp resources [/Users/kevin/workspace/maven-war-plugin/target/test-classes/unit/dependenciesanalysis/test-dir/dependency-update-version-test-data/source]
[INFO] Webapp assembled in [63 msecs]
</system-out>
  </testcase>
  <testcase time="0.19" classname="org.apache.maven.plugin.war.WarDependenciesAnalysisTest" name="testDependencyNowProvided">
    <failure message="source file not found: /Users/kevin/workspace/maven-war-plugin/target/test-classes/unit/dependenciesanalysis/test-dir/dependency-now-provided/pansit.jsp" type="junit.framework.AssertionFailedError">junit.framework.AssertionFailedError: source file not found: /Users/kevin/workspace/maven-war-plugin/target/test-classes/unit/dependenciesanalysis/test-dir/dependency-now-provided/pansit.jsp
	at junit.framework.Assert.fail(Assert.java:57)
	at junit.framework.Assert.assertTrue(Assert.java:22)
	at junit.framework.TestCase.assertTrue(TestCase.java:192)
	at org.apache.maven.plugin.war.AbstractWarExplodedMojoTest.assertDefaultContent(AbstractWarExplodedMojoTest.java:161)
	at org.apache.maven.plugin.war.WarDependenciesAnalysisTest.doTestTwiceWithUpdatedDependency(WarDependenciesAnalysisTest.java:136)
	at org.apache.maven.plugin.war.WarDependenciesAnalysisTest.testDependencyNowProvided(WarDependenciesAnalysisTest.java:117)
	at sun.reflect.NativeMethodAccessorImpl.invoke0(Native Method)
	at sun.reflect.NativeMethodAccessorImpl.invoke(NativeMethodAccessorImpl.java:39)
	at sun.reflect.DelegatingMethodAccessorImpl.invoke(DelegatingMethodAccessorImpl.java:25)
	at java.lang.reflect.Method.invoke(Method.java:597)
	at junit.framework.TestCase.runTest(TestCase.java:176)
	at junit.framework.TestCase.runBare(TestCase.java:141)
	at junit.framework.TestResult$1.protect(TestResult.java:122)
	at junit.framework.TestResult.runProtected(TestResult.java:142)
	at junit.framework.TestResult.run(TestResult.java:125)
	at junit.framework.TestCase.run(TestCase.java:129)
	at junit.framework.TestSuite.runTest(TestSuite.java:255)
	at junit.framework.TestSuite.run(TestSuite.java:250)
	at org.junit.internal.runners.JUnit38ClassRunner.run(JUnit38ClassRunner.java:84)
	at org.apache.maven.surefire.junit4.JUnit4Provider.execute(JUnit4Provider.java:252)
	at org.apache.maven.surefire.junit4.JUnit4Provider.executeTestSet(JUnit4Provider.java:141)
	at org.apache.maven.surefire.junit4.JUnit4Provider.invoke(JUnit4Provider.java:112)
	at sun.reflect.NativeMethodAccessorImpl.invoke0(Native Method)
	at sun.reflect.NativeMethodAccessorImpl.invoke(NativeMethodAccessorImpl.java:39)
	at sun.reflect.DelegatingMethodAccessorImpl.invoke(DelegatingMethodAccessorImpl.java:25)
	at java.lang.reflect.Method.invoke(Method.java:597)
	at org.apache.maven.surefire.util.ReflectionUtils.invokeMethodWithArray(ReflectionUtils.java:189)
	at org.apache.maven.surefire.booter.ProviderFactory$ProviderProxy.invoke(ProviderFactory.java:165)
	at org.apache.maven.surefire.booter.ProviderFactory.invokeProvider(ProviderFactory.java:85)
	at org.apache.maven.surefire.booter.ForkedBooter.runSuitesInProcess(ForkedBooter.java:115)
	at org.apache.maven.surefire.booter.ForkedBooter.main(ForkedBooter.java:75)
</failure>
    <system-out>[INFO] Exploding webapp
[INFO] Assembling webapp [maven-war-plugin-test] in [/Users/kevin/workspace/maven-war-plugin/target/test-classes/unit/dependenciesanalysis/test-dir/dependency-now-provided]
[INFO] Processing war project
[INFO] Copying webapp resources [/Users/kevin/workspace/maven-war-plugin/target/test-classes/unit/dependenciesanalysis/test-dir/dependency-now-provided-test-data/source]
[INFO] Webapp assembled in [7 msecs]
</system-out>
  </testcase>
  <testcase time="0.063" classname="org.apache.maven.plugin.war.WarDependenciesAnalysisTest" name="testRemovedDependency">
    <failure message="source file not found: /Users/kevin/workspace/maven-war-plugin/target/test-classes/unit/dependenciesanalysis/test-dir/remove-dependency/pansit.jsp" type="junit.framework.AssertionFailedError">junit.framework.AssertionFailedError: source file not found: /Users/kevin/workspace/maven-war-plugin/target/test-classes/unit/dependenciesanalysis/test-dir/remove-dependency/pansit.jsp
	at junit.framework.Assert.fail(Assert.java:57)
	at junit.framework.Assert.assertTrue(Assert.java:22)
	at junit.framework.TestCase.assertTrue(TestCase.java:192)
	at org.apache.maven.plugin.war.AbstractWarExplodedMojoTest.assertDefaultContent(AbstractWarExplodedMojoTest.java:161)
	at org.apache.maven.plugin.war.WarDependenciesAnalysisTest.doTestTwiceWithUpdatedDependency(WarDependenciesAnalysisTest.java:136)
	at org.apache.maven.plugin.war.WarDependenciesAnalysisTest.testRemovedDependency(WarDependenciesAnalysisTest.java:77)
	at sun.reflect.NativeMethodAccessorImpl.invoke0(Native Method)
	at sun.reflect.NativeMethodAccessorImpl.invoke(NativeMethodAccessorImpl.java:39)
	at sun.reflect.DelegatingMethodAccessorImpl.invoke(DelegatingMethodAccessorImpl.java:25)
	at java.lang.reflect.Method.invoke(Method.java:597)
	at junit.framework.TestCase.runTest(TestCase.java:176)
	at junit.framework.TestCase.runBare(TestCase.java:141)
	at junit.framework.TestResult$1.protect(TestResult.java:122)
	at junit.framework.TestResult.runProtected(TestResult.java:142)
	at junit.framework.TestResult.run(TestResult.java:125)
	at junit.framework.TestCase.run(TestCase.java:129)
	at junit.framework.TestSuite.runTest(TestSuite.java:255)
	at junit.framework.TestSuite.run(TestSuite.java:250)
	at org.junit.internal.runners.JUnit38ClassRunner.run(JUnit38ClassRunner.java:84)
	at org.apache.maven.surefire.junit4.JUnit4Provider.execute(JUnit4Provider.java:252)
	at org.apache.maven.surefire.junit4.JUnit4Provider.executeTestSet(JUnit4Provider.java:141)
	at org.apache.maven.surefire.junit4.JUnit4Provider.invoke(JUnit4Provider.java:112)
	at sun.reflect.NativeMethodAccessorImpl.invoke0(Native Method)
	at sun.reflect.NativeMethodAccessorImpl.invoke(NativeMethodAccessorImpl.java:39)
	at sun.reflect.DelegatingMethodAccessorImpl.invoke(DelegatingMethodAccessorImpl.java:25)
	at java.lang.reflect.Method.invoke(Method.java:597)
	at org.apache.maven.surefire.util.ReflectionUtils.invokeMethodWithArray(ReflectionUtils.java:189)
	at org.apache.maven.surefire.booter.ProviderFactory$ProviderProxy.invoke(ProviderFactory.java:165)
	at org.apache.maven.surefire.booter.ProviderFactory.invokeProvider(ProviderFactory.java:85)
	at org.apache.maven.surefire.booter.ForkedBooter.runSuitesInProcess(ForkedBooter.java:115)
	at org.apache.maven.surefire.booter.ForkedBooter.main(ForkedBooter.java:75)
</failure>
    <system-out>[INFO] Exploding webapp
[INFO] Assembling webapp [maven-war-plugin-test] in [/Users/kevin/workspace/maven-war-plugin/target/test-classes/unit/dependenciesanalysis/test-dir/remove-dependency]
[INFO] Processing war project
[INFO] Copying webapp resources [/Users/kevin/workspace/maven-war-plugin/target/test-classes/unit/dependenciesanalysis/test-dir/remove-dependency-test-data/source]
[INFO] Webapp assembled in [6 msecs]
</system-out>
  </testcase>
  <testcase time="0.056" classname="org.apache.maven.plugin.war.WarDependenciesAnalysisTest" name="testNoChange">
    <failure message="source file not found: /Users/kevin/workspace/maven-war-plugin/target/test-classes/unit/dependenciesanalysis/test-dir/no-change/pansit.jsp" type="junit.framework.AssertionFailedError">junit.framework.AssertionFailedError: source file not found: /Users/kevin/workspace/maven-war-plugin/target/test-classes/unit/dependenciesanalysis/test-dir/no-change/pansit.jsp
	at junit.framework.Assert.fail(Assert.java:57)
	at junit.framework.Assert.assertTrue(Assert.java:22)
	at junit.framework.TestCase.assertTrue(TestCase.java:192)
	at org.apache.maven.plugin.war.AbstractWarExplodedMojoTest.assertDefaultContent(AbstractWarExplodedMojoTest.java:161)
	at org.apache.maven.plugin.war.WarDependenciesAnalysisTest.doTestTwiceWithUpdatedDependency(WarDependenciesAnalysisTest.java:136)
	at org.apache.maven.plugin.war.WarDependenciesAnalysisTest.testNoChange(WarDependenciesAnalysisTest.java:61)
	at sun.reflect.NativeMethodAccessorImpl.invoke0(Native Method)
	at sun.reflect.NativeMethodAccessorImpl.invoke(NativeMethodAccessorImpl.java:39)
	at sun.reflect.DelegatingMethodAccessorImpl.invoke(DelegatingMethodAccessorImpl.java:25)
	at java.lang.reflect.Method.invoke(Method.java:597)
	at junit.framework.TestCase.runTest(TestCase.java:176)
	at junit.framework.TestCase.runBare(TestCase.java:141)
	at junit.framework.TestResult$1.protect(TestResult.java:122)
	at junit.framework.TestResult.runProtected(TestResult.java:142)
	at junit.framework.TestResult.run(TestResult.java:125)
	at junit.framework.TestCase.run(TestCase.java:129)
	at junit.framework.TestSuite.runTest(TestSuite.java:255)
	at junit.framework.TestSuite.run(TestSuite.java:250)
	at org.junit.internal.runners.JUnit38ClassRunner.run(JUnit38ClassRunner.java:84)
	at org.apache.maven.surefire.junit4.JUnit4Provider.execute(JUnit4Provider.java:252)
	at org.apache.maven.surefire.junit4.JUnit4Provider.executeTestSet(JUnit4Provider.java:141)
	at org.apache.maven.surefire.junit4.JUnit4Provider.invoke(JUnit4Provider.java:112)
	at sun.reflect.NativeMethodAccessorImpl.invoke0(Native Method)
	at sun.reflect.NativeMethodAccessorImpl.invoke(NativeMethodAccessorImpl.java:39)
	at sun.reflect.DelegatingMethodAccessorImpl.invoke(DelegatingMethodAccessorImpl.java:25)
	at java.lang.reflect.Method.invoke(Method.java:597)
	at org.apache.maven.surefire.util.ReflectionUtils.invokeMethodWithArray(ReflectionUtils.java:189)
	at org.apache.maven.surefire.booter.ProviderFactory$ProviderProxy.invoke(ProviderFactory.java:165)
	at org.apache.maven.surefire.booter.ProviderFactory.invokeProvider(ProviderFactory.java:85)
	at org.apache.maven.surefire.booter.ForkedBooter.runSuitesInProcess(ForkedBooter.java:115)
	at org.apache.maven.surefire.booter.ForkedBooter.main(ForkedBooter.java:75)
</failure>
    <system-out>[INFO] Exploding webapp
[INFO] Assembling webapp [maven-war-plugin-test] in [/Users/kevin/workspace/maven-war-plugin/target/test-classes/unit/dependenciesanalysis/test-dir/no-change]
[INFO] Processing war project
[INFO] Copying webapp resources [/Users/kevin/workspace/maven-war-plugin/target/test-classes/unit/dependenciesanalysis/test-dir/no-change-test-data/source]
[INFO] Webapp assembled in [5 msecs]
</system-out>
  </testcase>
</testsuite>